Using pre-set license
Built from '2021.3/staging' branch; Version is '2021.3.31f1 (3409e2af086f) revision 3410402'; Using compiler version '192829333'; Build Type 'Release'
OS: 'Windows 11  (10.0.22621) 64bit Professional' Language: 'es' Physical Memory: 16024 MB
BatchMode: 1, IsHumanControllingUs: 0, StartBugReporterOnCrash: 0, Is64bit: 1, IsPro: 1

COMMAND LINE ARGUMENTS:
C:\Program Files\Unity\Hub\Editor\2021.3.31f1\Editor\Unity.exe
-adb2
-batchMode
-noUpm
-name
AssetImportWorker2
-projectPath
C:/Users/1018514230/My project (5)/Assets
-logFile
Logs/AssetImportWorker2.log
-srvPort
51602
Successfully changed project path to: C:/Users/1018514230/My project (5)/Assets
C:/Users/1018514230/My project (5)/Assets
[UnityMemory] Configuration Parameters - Can be set up in boot.config
    "memorysetup-bucket-allocator-granularity=16"
    "memorysetup-bucket-allocator-bucket-count=8"
    "memorysetup-bucket-allocator-block-size=33554432"
    "memorysetup-bucket-allocator-block-count=8"
    "memorysetup-main-allocator-block-size=16777216"
    "memorysetup-thread-allocator-block-size=16777216"
    "memorysetup-gfx-main-allocator-block-size=16777216"
    "memorysetup-gfx-thread-allocator-block-size=16777216"
    "memorysetup-cache-allocator-block-size=4194304"
    "memorysetup-typetree-allocator-block-size=2097152"
    "memorysetup-profiler-bucket-allocator-granularity=16"
    "memorysetup-profiler-bucket-allocator-bucket-count=8"
    "memorysetup-profiler-bucket-allocator-block-size=33554432"
    "memorysetup-profiler-bucket-allocator-block-count=8"
    "memorysetup-profiler-allocator-block-size=16777216"
    "memorysetup-profiler-editor-allocator-block-size=1048576"
    "memorysetup-temp-allocator-size-main=16777216"
    "memorysetup-job-temp-allocator-block-size=2097152"
    "memorysetup-job-temp-allocator-block-size-background=1048576"
    "memorysetup-job-temp-allocator-reduction-small-platforms=262144"
    "memorysetup-temp-allocator-size-background-worker=32768"
    "memorysetup-temp-allocator-size-job-worker=262144"
    "memorysetup-temp-allocator-size-preload-manager=33554432"
    "memorysetup-temp-allocator-size-nav-mesh-worker=65536"
    "memorysetup-temp-allocator-size-audio-worker=65536"
    "memorysetup-temp-allocator-size-cloud-worker=32768"
    "memorysetup-temp-allocator-size-gi-baking-worker=262144"
    "memorysetup-temp-allocator-size-gfx=262144"
Player connection [8128] Host "[IP] 192.168.0.17 [Port] 0 [Flags] 2 [Guid] 884710486 [EditorId] 884710486 [Version] 1048832 [Id] WindowsEditor(7,PORTDP103) [Debug] 1 [PackageName] WindowsEditor [ProjectName] Editor" joined multi-casting on [225.0.0.222:54997]...

Player connection [8128] Host "[IP] 192.168.0.17 [Port] 0 [Flags] 2 [Guid] 884710486 [EditorId] 884710486 [Version] 1048832 [Id] WindowsEditor(7,PORTDP103) [Debug] 1 [PackageName] WindowsEditor [ProjectName] Editor" joined alternative multi-casting on [225.0.0.222:34997]...

[Physics::Module] Initialized MultithreadedJobDispatcher with {0} workers.
Refreshing native plugins compatible for Editor in 62.12 ms, found 3 plugins.
Preloading 0 native plugins for Editor in 0.00 ms.
Initialize engine version: 2021.3.31f1 (3409e2af086f)
[Subsystems] Discovering subsystems at path C:/Program Files/Unity/Hub/Editor/2021.3.31f1/Editor/Data/Resources/UnitySubsystems
[Subsystems] Discovering subsystems at path C:/Users/1018514230/My project (5)/Assets/Assets
GfxDevice: creating device client; threaded=0; jobified=0
Direct3D:
    Version:  Direct3D 11.0 [level 11.1]
    Renderer: Intel(R) UHD Graphics (ID=0x4628)
    Vendor:   Intel
    VRAM:     8012 MB
    Driver:   31.0.101.4575
Initialize mono
Mono path[0] = 'C:/Program Files/Unity/Hub/Editor/2021.3.31f1/Editor/Data/Managed'
Mono path[1] = 'C:/Program Files/Unity/Hub/Editor/2021.3.31f1/Editor/Data/MonoBleedingEdge/lib/mono/unityjit-win32'
Mono config path = 'C:/Program Files/Unity/Hub/Editor/2021.3.31f1/Editor/Data/MonoBleedingEdge/etc'
Using monoOptions --debugger-agent=transport=dt_socket,embedding=1,server=y,suspend=n,address=127.0.0.1:56512
Begin MonoManager ReloadAssembly
Registering precompiled unity dll's ...
Register platform support module: C:/Program Files/Unity/Hub/Editor/2021.3.31f1/Editor/Data/PlaybackEngines/WindowsStandaloneSupport/UnityEditor.WindowsStandalone.Extensions.dll
Registered in 0.006701 seconds.
Native extension for WindowsStandalone target not found
Refreshing native plugins compatible for Editor in 41.25 ms, found 3 plugins.
Preloading 0 native plugins for Editor in 0.00 ms.
Mono: successfully reloaded assembly
- Completed reload, in  0.454 seconds
Domain Reload Profiling:
	ReloadAssembly (454ms)
		BeginReloadAssembly (86ms)
			ExecutionOrderSort (0ms)
			DisableScriptedObjects (0ms)
			BackupInstance (0ms)
			ReleaseScriptingObjects (0ms)
			CreateAndSetChildDomain (1ms)
		EndReloadAssembly (286ms)
			LoadAssemblies (82ms)
			RebuildTransferFunctionScriptingTraits (0ms)
			SetupTypeCache (72ms)
			ReleaseScriptCaches (0ms)
			RebuildScriptCaches (20ms)
			SetupLoadedEditorAssemblies (159ms)
				LogAssemblyErrors (0ms)
				InitializePlatformSupportModulesInManaged (7ms)
				SetLoadedEditorAssemblies (0ms)
				RefreshPlugins (41ms)
				BeforeProcessingInitializeOnLoad (1ms)
				ProcessInitializeOnLoadAttributes (76ms)
				ProcessInitializeOnLoadMethodAttributes (33ms)
				AfterProcessingInitializeOnLoad (0ms)
				EditorAssembliesLoaded (0ms)
			ExecutionOrderSort2 (0ms)
			AwakeInstancesAfterBackupRestoration (0ms)
Platform modules already initialized, skipping
Registering precompiled user dll's ...
Registered in 0.007531 seconds.
Begin MonoManager ReloadAssembly
Native extension for WindowsStandalone target not found
Refreshing native plugins compatible for Editor in 0.38 ms, found 3 plugins.
Preloading 0 native plugins for Editor in 0.00 ms.
Package Manager log level set to [2]
[Package Manager] Server::EnsureServerProcessIsRunning -- launch failed, reason: Unity was launched with the -noUpm command-line argument
[Package Manager] Cannot connect to Unity Package Manager local server
Mono: successfully reloaded assembly
- Completed reload, in  1.104 seconds
Domain Reload Profiling:
	ReloadAssembly (1105ms)
		BeginReloadAssembly (118ms)
			ExecutionOrderSort (0ms)
			DisableScriptedObjects (4ms)
			BackupInstance (0ms)
			ReleaseScriptingObjects (0ms)
			CreateAndSetChildDomain (15ms)
		EndReloadAssembly (897ms)
			LoadAssemblies (97ms)
			RebuildTransferFunctionScriptingTraits (0ms)
			SetupTypeCache (155ms)
			ReleaseScriptCaches (0ms)
			RebuildScriptCaches (32ms)
			SetupLoadedEditorAssemblies (618ms)
				LogAssemblyErrors (0ms)
				InitializePlatformSupportModulesInManaged (6ms)
				SetLoadedEditorAssemblies (0ms)
				RefreshPlugins (0ms)
				BeforeProcessingInitializeOnLoad (59ms)
				ProcessInitializeOnLoadAttributes (526ms)
				ProcessInitializeOnLoadMethodAttributes (15ms)
				AfterProcessingInitializeOnLoad (11ms)
				EditorAssembliesLoaded (0ms)
			ExecutionOrderSort2 (0ms)
			AwakeInstancesAfterBackupRestoration (5ms)
Platform modules already initialized, skipping
========================================================================
Worker process is ready to serve import requests
Launched and connected shader compiler UnityShaderCompiler.exe after 0.07 seconds
Refreshing native plugins compatible for Editor in 0.35 ms, found 3 plugins.
Preloading 0 native plugins for Editor in 0.00 ms.
Unloading 2938 Unused Serialized files (Serialized files now loaded: 0)
Unloading 22 unused Assets / (46.3 KB). Loaded Objects now: 3399.
Memory consumption went from 103.3 MB to 103.3 MB.
Total: 2.378900 ms (FindLiveObjects: 0.179500 ms CreateObjectMapping: 0.091300 ms MarkObjects: 1.994000 ms  DeleteObjects: 0.113100 ms)

AssetImportParameters requested are different than current active one (requested -> active):
  custom:video-decoder-ogg-theora: a1e56fd34408186e4bbccfd4996cb3dc -> 
  custom:container-muxer-webm: aa71ff27fc2769a1b78a27578f13a17b -> 
  custom:container-demuxer-webm: 4f35f7cbe854078d1ac9338744f61a02 -> 
  custom:video-encoder-webm-vp8: eb34c28f22e8b96e1ab97ce403110664 -> 
  custom:audio-encoder-webm-vorbis: bf7c407c2cedff20999df2af8eb42d56 -> 
  custom:framework-win-MediaFoundation: 216162199b28c13a410421893ffa2e32 -> 
  custom:container-demuxer-ogg: 62fdf1f143b41e24485cea50d1cbac27 -> 
  custom:video-decoder-webm-vp8: 9c59270c3fd7afecdb556c50c9e8de78 -> 
  custom:audio-decoder-ogg-vorbis: bf7c407c2cedff20999df2af8eb42d56 -> 
========================================================================
Received Import Request.
  Time since last request: 897.953604 seconds.
  path: Assets/pallete/Palette.prefab
  artifactKey: Guid(12f9d4d9b2b62ce4fa226c53c47b073a) Importer(815301076,1909f56bfc062723c751e8b465ee728b)
Number of updated assets reloaded before import = 0
Start importing Assets/pallete/Palette.prefab using Guid(12f9d4d9b2b62ce4fa226c53c47b073a) Importer(815301076,1909f56bfc062723c751e8b465ee728b)  -> (artifact id: 'b7d890814c9cbc3f592da6827aef3c83') in 0.310291 seconds 
Number of asset objects unloaded after import = 131
========================================================================
Received Import Request.
  Time since last request: 0.000066 seconds.
  path: Assets/pallete/tiles_spritesheet_6.asset
  artifactKey: Guid(ce73b9208d1c54e40ae5c022b33284d0) Importer(815301076,1909f56bfc062723c751e8b465ee728b)
Number of updated assets reloaded before import = 0
Start importing Assets/pallete/tiles_spritesheet_6.asset using Guid(ce73b9208d1c54e40ae5c022b33284d0) Importer(815301076,1909f56bfc062723c751e8b465ee728b)  -> (artifact id: '9b764b8815dff4433ebb8fecaddf85b9') in 0.033936 seconds 
Number of asset objects unloaded after import = 3
========================================================================
Received Import Request.
  Time since last request: 0.000035 seconds.
  path: Assets/pallete/tiles_spritesheet_21.asset
  artifactKey: Guid(8f06eb761fd986e44addc3a9b6be14d8) Importer(815301076,1909f56bfc062723c751e8b465ee728b)
Number of updated assets reloaded before import = 0
Start importing Assets/pallete/tiles_spritesheet_21.asset using Guid(8f06eb761fd986e44addc3a9b6be14d8) Importer(815301076,1909f56bfc062723c751e8b465ee728b)  -> (artifact id: '3d09ec962b7be26ab6f843dbd4d6f29a') in 0.021695 seconds 
Number of asset objects unloaded after import = 3
========================================================================
Received Import Request.
  Time since last request: 4.842126 seconds.
  path: Assets/Scenes/SpriteSheets
  artifactKey: Guid(4adb387368b4e31478d05832b7e32d4f) Importer(815301076,1909f56bfc062723c751e8b465ee728b)
Number of updated assets reloaded before import = 0
Start importing Assets/Scenes/SpriteSheets using Guid(4adb387368b4e31478d05832b7e32d4f) Importer(815301076,1909f56bfc062723c751e8b465ee728b)  -> (artifact id: 'a05eeab83fbb1a09ffadc36d402aee2b') in 0.010028 seconds 
Number of asset objects unloaded after import = 0
========================================================================
Received Import Request.
  Time since last request: 0.052448 seconds.
  path: Assets/Scenes/SpriteSheets/cave_tileset.png
  artifactKey: Guid(97f3b6ee70b16bd409944bad09285c20) Importer(815301076,1909f56bfc062723c751e8b465ee728b)
Number of updated assets reloaded before import = 0
Start importing Assets/Scenes/SpriteSheets/cave_tileset.png using Guid(97f3b6ee70b16bd409944bad09285c20) Importer(815301076,1909f56bfc062723c751e8b465ee728b)  -> (artifact id: '87a61ed36449190f76289bb68ec63c25') in 0.085361 seconds 
Number of asset objects unloaded after import = 3
========================================================================
Received Import Request.
  Time since last request: 13.880470 seconds.
  path: Assets/Scenes/audios/snd_blowup.ogg
  artifactKey: Guid(3bef2addcc78a8148a215dc5a452906d) Importer(815301076,1909f56bfc062723c751e8b465ee728b)
Number of updated assets reloaded before import = 0
Start importing Assets/Scenes/audios/snd_blowup.ogg using Guid(3bef2addcc78a8148a215dc5a452906d) Importer(815301076,1909f56bfc062723c751e8b465ee728b)  -> (artifact id: '8a5516328251e52f9cccf7fdf03bbe11') in 0.057384 seconds 
Number of asset objects unloaded after import = 2
========================================================================
Received Import Request.
  Time since last request: 0.000025 seconds.
  path: Assets/Scenes/audios/snd_boss_laser.ogg
  artifactKey: Guid(0543748acffa9264ca0a980df1e10787) Importer(815301076,1909f56bfc062723c751e8b465ee728b)
Number of updated assets reloaded before import = 0
Start importing Assets/Scenes/audios/snd_boss_laser.ogg using Guid(0543748acffa9264ca0a980df1e10787) Importer(815301076,1909f56bfc062723c751e8b465ee728b)  -> (artifact id: 'a8bbd67730c8d578205e7777d6653bf7') in 0.033811 seconds 
Number of asset objects unloaded after import = 2
========================================================================
Received Import Request.
  Time since last request: 0.000037 seconds.
  path: Assets/Scenes/audios/snd_hurt.ogg
  artifactKey: Guid(71c3bb77adaef0a4b92dc0d0ec4d558b) Importer(815301076,1909f56bfc062723c751e8b465ee728b)
Number of updated assets reloaded before import = 0
Start importing Assets/Scenes/audios/snd_hurt.ogg using Guid(71c3bb77adaef0a4b92dc0d0ec4d558b) Importer(815301076,1909f56bfc062723c751e8b465ee728b)  -> (artifact id: 'b3f60c792ada9eb5f6f507547a2b7785') in 0.030562 seconds 
Number of asset objects unloaded after import = 2
========================================================================
Received Import Request.
  Time since last request: 0.000036 seconds.
  path: Assets/Scenes/audios/snd_landfppt.ogg
  artifactKey: Guid(0a1c7b3ead554744287eca1c1c49fe9e) Importer(815301076,1909f56bfc062723c751e8b465ee728b)
Number of updated assets reloaded before import = 0
Start importing Assets/Scenes/audios/snd_landfppt.ogg using Guid(0a1c7b3ead554744287eca1c1c49fe9e) Importer(815301076,1909f56bfc062723c751e8b465ee728b)  -> (artifact id: '63f545121a8426b6bdee51c8f263a653') in 0.029608 seconds 
Number of asset objects unloaded after import = 2
========================================================================
Received Import Request.
  Time since last request: 0.000040 seconds.
  path: Assets/Scenes/audios/snd_step1.ogg
  artifactKey: Guid(94bd5d13b7857ad40854d6973b8ecfcb) Importer(815301076,1909f56bfc062723c751e8b465ee728b)
Number of updated assets reloaded before import = 0
Start importing Assets/Scenes/audios/snd_step1.ogg using Guid(94bd5d13b7857ad40854d6973b8ecfcb) Importer(815301076,1909f56bfc062723c751e8b465ee728b)  -> (artifact id: '25e4e9ffabcfbf44b1d3174bc64fac45') in 0.032324 seconds 
Number of asset objects unloaded after import = 2
========================================================================
Received Import Request.
  Time since last request: 0.000047 seconds.
  path: Assets/Scenes/audios/snd_jump_hump.ogg
  artifactKey: Guid(e97cab17bfabb1d4db056bf4839f2044) Importer(815301076,1909f56bfc062723c751e8b465ee728b)
Number of updated assets reloaded before import = 0
Start importing Assets/Scenes/audios/snd_jump_hump.ogg using Guid(e97cab17bfabb1d4db056bf4839f2044) Importer(815301076,1909f56bfc062723c751e8b465ee728b)  -> (artifact id: 'f50e08edead16b0a1e43c819f983fc30') in 0.031537 seconds 
Number of asset objects unloaded after import = 2
========================================================================
Received Import Request.
  Time since last request: 0.000063 seconds.
  path: Assets/Scenes/audios/snd_landing.ogg
  artifactKey: Guid(f1e8c99114d17bc4a92de28750b2e6b2) Importer(815301076,1909f56bfc062723c751e8b465ee728b)
Number of updated assets reloaded before import = 0
Start importing Assets/Scenes/audios/snd_landing.ogg using Guid(f1e8c99114d17bc4a92de28750b2e6b2) Importer(815301076,1909f56bfc062723c751e8b465ee728b)  -> (artifact id: 'e3319a291d7b779927d1ab4ba1b50317') in 0.028801 seconds 
Number of asset objects unloaded after import = 2
========================================================================
Received Import Request.
  Time since last request: 0.000052 seconds.
  path: Assets/Scenes/audios/snd_select.ogg
  artifactKey: Guid(66f5b4c43f3390b4b877b2ab9073785d) Importer(815301076,1909f56bfc062723c751e8b465ee728b)
Number of updated assets reloaded before import = 0
Start importing Assets/Scenes/audios/snd_select.ogg using Guid(66f5b4c43f3390b4b877b2ab9073785d) Importer(815301076,1909f56bfc062723c751e8b465ee728b)  -> (artifact id: 'c76ba83289a03f1c17eeb38ad64c8469') in 0.029929 seconds 
Number of asset objects unloaded after import = 2
========================================================================
Received Import Request.
  Time since last request: 0.000031 seconds.
  path: Assets/Scenes/audios/snd_snap.ogg
  artifactKey: Guid(ea00b9be0bbb3ef448d748ad83005cce) Importer(815301076,1909f56bfc062723c751e8b465ee728b)
Number of updated assets reloaded before import = 0
Start importing Assets/Scenes/audios/snd_snap.ogg using Guid(ea00b9be0bbb3ef448d748ad83005cce) Importer(815301076,1909f56bfc062723c751e8b465ee728b)  -> (artifact id: 'bad188e24241b9d785bbeba581ba86ba') in 0.022615 seconds 
Number of asset objects unloaded after import = 2
